<?xml version="1.0" encoding="UTF-8" ?>
<testsuite errors="0" failures="0" hostname="DESKTOP-LLQTVPN" name="movieticketbookingsystem.CinemaTest" skipped="0" tests="11" time="0.076" timestamp="2020-06-18T11:36:50">
  <properties>
[...]
</properties>
  <testcase classname="movieticketbookingsystem.CinemaTest" name="testReserveSeat_Seat" time="0.004" />
  <testcase classname="movieticketbookingsystem.CinemaTest" name="testGetCinemaNumber" time="0.001" />
  <testcase classname="movieticketbookingsystem.CinemaTest" name="testGetSeat" time="0.0" />
  <testcase classname="movieticketbookingsystem.CinemaTest" name="testGetRowSeatsCount" time="0.0" />
  <testcase classname="movieticketbookingsystem.CinemaTest" name="testGetFreeSeats" time="0.0" />
  <testcase classname="movieticketbookingsystem.CinemaTest" name="testCreateRows" time="0.0" />
  <testcase classname="movieticketbookingsystem.CinemaTest" name="testGetDescription" time="0.0" />
  <testcase classname="movieticketbookingsystem.CinemaTest" name="testReserveSeat_int_int" time="0.0" />
  <testcase classname="movieticketbookingsystem.CinemaTest" name="testGetRowCount" time="0.0" />
  <testcase classname="movieticketbookingsystem.CinemaTest" name="testIsFull" time="0.0" />
  <testcase classname="movieticketbookingsystem.CinemaTest" name="testUnreserveSeat" time="0.0" />
  <system-out><![CDATA[reserveSeat
getCinemaNumber
getSeat
getRowSeatsCount
getFreeSeats
createRows
getDescription
reserveSeat
getRowCount
isFull
unreserveSeat
]]></system-out>
  <system-err><![CDATA[]]></system-err>
</testsuite>
